#
# A fatal error has been detected by the Java Runtime Environment:
#
#  SIGSEGV (0xb) at pc=0x00007f77f663c4dc, pid=9462, tid=140152125765376
#
# JRE version: OpenJDK Runtime Environment (7.0_65-b32) (build 1.7.0_65-b32)
# Java VM: OpenJDK 64-Bit Server VM (24.65-b04 mixed mode linux-amd64 compressed oops)
# Derivative: IcedTea 2.5.3
# Distribution: Ubuntu 14.04 LTS, package 7u71-2.5.3-0ubuntu0.14.04.1
# Problematic frame:
# V  [libjvm.so+0x87a4dc]  SignatureIterator::expect(char)+0x2c
#
# Failed to write core dump. Core dumps have been disabled. To enable core dumping, try "ulimit -c unlimited" before starting Java again
#
# If you would like to submit a bug report, please include
# instructions on how to reproduce the bug and visit:
#   http://icedtea.classpath.org/bugzilla
#

---------------  T H R E A D  ---------------

Current thread (0x00007f77c006e800):  JavaThread "qtp1434012857-37" [_thread_in_vm, id=9835, stack(0x00007f77b59bb000,0x00007f77b5abc000)]

siginfo:si_signo=SIGSEGV: si_errno=0, si_code=1 (SEGV_MAPERR), si_addr=0x000000000000000a

Registers:
RAX=0x0000000000000000, RBX=0x00007f77b5ab9cd0, RCX=0x0000000000000000, RDX=0x0000000000000028
RSP=0x00007f77b5ab9b80, RBP=0x00007f77b5ab9ca0, RSI=0x0000000000000000, RDI=0x00007f77b5ab9cd0
R8 =0x00007f77ec9e4300, R9 =0x00000000ef4b5733, R10=0x00007f77f6bb6520, R11=0x00007f77ecab3580
R12=0x00007f77f6771dbc, R13=0x00007f77c006e800, R14=0x00007f77c0093bc0, R15=0x00007f77c003fe60
RIP=0x00007f77f663c4dc, EFLAGS=0x0000000000010246, CSGSFS=0x0000000000000033, ERR=0x0000000000000004
  TRAPNO=0x000000000000000e

Top of Stack: (sp=0x00007f77b5ab9b80)
0x00007f77b5ab9b80:   000000077a29fe98 00007f77b5ab9bd0
0x00007f77b5ab9b90:   000000077a3b5550 000000077b45bae0
0x00007f77b5ab9ba0:   000000077a29ff00 0000000000000000
0x00007f77b5ab9bb0:   00007f77b5ab9c18 00007f77ec9e52b3
0x00007f77b5ab9bc0:   00007f77ec9e52b3 0000000000000000
0x00007f77b5ab9bd0:   00000007d9015a20 00007f77b5ab9bd8
0x00007f77b5ab9be0:   000000077acec123 000000077a3b5170
0x00007f77b5ab9bf0:   000000077acefff0 0000000000000000
0x00007f77b5ab9c00:   000000077acec150 0000000000000000
0x00007f77b5ab9c10:   0000000000008000 00007f77b5ab9c18
0x00007f77b5ab9c20:   000000000000004f 00007f77b5ab9d78
0x00007f77b5ab9c30:   00007f77b5ab9c80 00007f77f66e444a
0x00007f77b5ab9c40:   000000077a29fb18 0000000000000010
0x00007f77b5ab9c50:   00007f77b5ab9c68 000000077a3083f0
0x00007f77b5ab9c60:   0000000000000000 000000077a3083f0
0x00007f77b5ab9c70:   0000000000000000 000000077a3083f0
0x00007f77b5ab9c80:   6e65746e6f63227b 7c41ce27eea9d800
0x00007f77b5ab9c90:   000000000000004f 00007f77b5ab9cd0
0x00007f77b5ab9ca0:   00007f77b5ab9cc0 00007f77f663c569
0x00007f77b5ab9cb0:   00007f77b5ab9cd0 00007f77b5ab9db0
0x00007f77b5ab9cc0:   00007f77b5ab9d10 00007f77f62d3cd3
0x00007f77b5ab9cd0:   00007f77f6b5d470 0000000000000000
0x00007f77b5ab9ce0:   0000000000000000 0000000000000063
0x00007f77b5ab9cf0:   00007f7700000000 00007f77f655b87c
0x00007f77b5ab9d00:   00007f77b5ab9d80 00000000000000b6
0x00007f77b5ab9d10:   00007f77b5ab9e20 00007f77f63a0bb0
0x00007f77b5ab9d20:   00000000000003d8 00007f77c0040248
0x00007f77b5ab9d30:   0000000000000000 00007f77c003fe70
0x00007f77b5ab9d40:   0000000000000000 00007f77b5ab9db0
0x00007f77b5ab9d50:   00007f77c006e800 00007f77b5ab9db0
0x00007f77b5ab9d60:   00007f77c0040c08 0000000000000010
0x00007f77b5ab9d70:   00007f77b5ab9d70 00007f77bc051c38 

Instructions: (pc=0x00007f77f663c4dc)
0x00007f77f663c4bc:   48 81 ec 18 01 00 00 48 8b 77 08 64 48 8b 04 25
0x00007f77f663c4cc:   28 00 00 00 48 89 45 e8 31 c0 8b 47 10 48 63 c8
0x00007f77f663c4dc:   0f be 4c 0e 0a 39 ca 74 35 48 8d bd e0 fe ff ff
0x00007f77f663c4ec:   48 8d 35 49 5a 13 00 31 c0 e8 f6 0e a4 ff 48 8b 

Register to memory mapping:

RAX=0x0000000000000000 is an unknown value
RBX=0x00007f77b5ab9cd0 is pointing into the stack for thread: 0x00007f77c006e800
RCX=0x0000000000000000 is an unknown value
RDX=0x0000000000000028 is an unknown value
RSP=0x00007f77b5ab9b80 is pointing into the stack for thread: 0x00007f77c006e800
RBP=0x00007f77b5ab9ca0 is pointing into the stack for thread: 0x00007f77c006e800
RSI=0x0000000000000000 is an unknown value
RDI=0x00007f77b5ab9cd0 is pointing into the stack for thread: 0x00007f77c006e800
R8 =0x00007f77ec9e4300 is an unknown value
R9 =0x00000000ef4b5733 is an unknown value
R10=0x00007f77f6bb6520: <offset 0xdf4520> in /usr/lib/jvm/java-7-openjdk-amd64/jre/lib/amd64/server/libjvm.so at 0x00007f77f5dc2000
R11=0x00007f77ecab3580 is at entry_point+32 in (nmethod*)0x00007f77ecab3410
R12=0x00007f77f6771dbc: <offset 0x9afdbc> in /usr/lib/jvm/java-7-openjdk-amd64/jre/lib/amd64/server/libjvm.so at 0x00007f77f5dc2000
R13=0x00007f77c006e800 is a thread
R14=0x00007f77c0093bc0 is an unknown value
R15=0x00007f77c003fe60 is an unknown value


Stack: [0x00007f77b59bb000,0x00007f77b5abc000],  sp=0x00007f77b5ab9b80,  free space=1018k
Native frames: (J=compiled Java code, j=interpreted, Vv=VM code, C=native code)
V  [libjvm.so+0x87a4dc]  SignatureIterator::expect(char)+0x2c
V  [libjvm.so+0x87a569]  SignatureIterator::iterate_parameters()+0x29
V  [libjvm.so+0x511cd3]  frame::interpreter_callee_receiver_addr(Symbol*)+0x43
V  [libjvm.so+0x5debb0]  InterpreterRuntime::resolve_invoke(JavaThread*, Bytecodes::Code)+0x4e0
j  org.eclipse.leshan.server.demo.servlet.ClientServlet.doGet(Ljavax/servlet/http/HttpServletRequest;Ljavax/servlet/http/HttpServletResponse;)V+6
j  javax.servlet.http.HttpServlet.service(Ljavax/servlet/http/HttpServletRequest;Ljavax/servlet/http/HttpServletResponse;)V+35
j  javax.servlet.http.HttpServlet.service(Ljavax/servlet/ServletRequest;Ljavax/servlet/ServletResponse;)V+39
j  org.eclipse.jetty.servlet.ServletHolder.handle(Lorg/eclipse/jetty/server/Request;Ljavax/servlet/ServletRequest;Ljavax/servlet/ServletResponse;)V+217
j  org.eclipse.jetty.servlet.ServletHandler.doHandle(Ljava/lang/String;Lorg/eclipse/jetty/server/Request;Ljavax/servlet/http/HttpServletRequest;Ljavax/servlet/http/HttpServletResponse;)V+215
j  org.eclipse.jetty.server.handler.ScopedHandler.handle(Ljava/lang/String;Lorg/eclipse/jetty/server/Request;Ljavax/servlet/http/HttpServletRequest;Ljavax/servlet/http/HttpServletResponse;)V+32
j  org.eclipse.jetty.security.SecurityHandler.handle(Ljava/lang/String;Lorg/eclipse/jetty/server/Request;Ljavax/servlet/http/HttpServletRequest;Ljavax/servlet/http/HttpServletResponse;)V+553
j  org.eclipse.jetty.server.session.SessionHandler.doHandle(Ljava/lang/String;Lorg/eclipse/jetty/server/Request;Ljavax/servlet/http/HttpServletRequest;Ljavax/servlet/http/HttpServletResponse;)V+68
j  org.eclipse.jetty.server.handler.ContextHandler.doHandle(Ljava/lang/String;Lorg/eclipse/jetty/server/Request;Ljavax/servlet/http/HttpServletRequest;Ljavax/servlet/http/HttpServletResponse;)V+369
j  org.eclipse.jetty.servlet.ServletHandler.doScope(Ljava/lang/String;Lorg/eclipse/jetty/server/Request;Ljavax/servlet/http/HttpServletRequest;Ljavax/servlet/http/HttpServletResponse;)V+274
j  org.eclipse.jetty.server.session.SessionHandler.doScope(Ljava/lang/String;Lorg/eclipse/jetty/server/Request;Ljavax/servlet/http/HttpServletRequest;Ljavax/servlet/http/HttpServletResponse;)V+233
j  org.eclipse.jetty.server.handler.ContextHandler.doScope(Ljava/lang/String;Lorg/eclipse/jetty/server/Request;Ljavax/servlet/http/HttpServletRequest;Ljavax/servlet/http/HttpServletResponse;)V+437
j  org.eclipse.jetty.server.handler.ScopedHandler.handle(Ljava/lang/String;Lorg/eclipse/jetty/server/Request;Ljavax/servlet/http/HttpServletRequest;Ljavax/servlet/http/HttpServletResponse;)V+20
j  org.eclipse.jetty.server.handler.HandlerWrapper.handle(Ljava/lang/String;Lorg/eclipse/jetty/server/Request;Ljavax/servlet/http/HttpServletRequest;Ljavax/servlet/http/HttpServletResponse;)V+23
j  org.eclipse.jetty.server.Server.handle(Lorg/eclipse/jetty/server/HttpChannel;)V+118
j  org.eclipse.jetty.server.HttpChannel.handle()Z+263
j  org.eclipse.jetty.server.HttpConnection.onFillable()V+178
j  org.eclipse.jetty.io.AbstractConnection$2.run()V+4
j  org.eclipse.jetty.util.thread.QueuedThreadPool.runJob(Ljava/lang/Runnable;)V+1
j  org.eclipse.jetty.util.thread.QueuedThreadPool$3.run()V+73
j  java.lang.Thread.run()V+11
v  ~StubRoutines::call_stub
V  [libjvm.so+0x5e8049]  JavaCalls::call_helper(JavaValue*, methodHandle*, JavaCallArguments*, Thread*)+0x339
V  [libjvm.so+0x5e6e9e]  JavaCalls::call_virtual(JavaValue*, Handle, KlassHandle, Symbol*, Symbol*, Thread*)+0x20e
V  [libjvm.so+0x623311]  thread_entry(JavaThread*, Thread*)+0xd1
V  [libjvm.so+0x8ffba0]  JavaThread::thread_main_inner()+0xf0
V  [libjvm.so+0x8ffe11]  JavaThread::run()+0x221
V  [libjvm.so+0x7c4ac2]  java_start(Thread*)+0xf2

Java frames: (J=compiled Java code, j=interpreted, Vv=VM code)
j  org.eclipse.leshan.server.demo.servlet.ClientServlet.doGet(Ljavax/servlet/http/HttpServletRequest;Ljavax/servlet/http/HttpServletResponse;)V+6
j  javax.servlet.http.HttpServlet.service(Ljavax/servlet/http/HttpServletRequest;Ljavax/servlet/http/HttpServletResponse;)V+35
j  javax.servlet.http.HttpServlet.service(Ljavax/servlet/ServletRequest;Ljavax/servlet/ServletResponse;)V+39
j  org.eclipse.jetty.servlet.ServletHolder.handle(Lorg/eclipse/jetty/server/Request;Ljavax/servlet/ServletRequest;Ljavax/servlet/ServletResponse;)V+217
j  org.eclipse.jetty.servlet.ServletHandler.doHandle(Ljava/lang/String;Lorg/eclipse/jetty/server/Request;Ljavax/servlet/http/HttpServletRequest;Ljavax/servlet/http/HttpServletResponse;)V+215
j  org.eclipse.jetty.server.handler.ScopedHandler.handle(Ljava/lang/String;Lorg/eclipse/jetty/server/Request;Ljavax/servlet/http/HttpServletRequest;Ljavax/servlet/http/HttpServletResponse;)V+32
j  org.eclipse.jetty.security.SecurityHandler.handle(Ljava/lang/String;Lorg/eclipse/jetty/server/Request;Ljavax/servlet/http/HttpServletRequest;Ljavax/servlet/http/HttpServletResponse;)V+553
j  org.eclipse.jetty.server.session.SessionHandler.doHandle(Ljava/lang/String;Lorg/eclipse/jetty/server/Request;Ljavax/servlet/http/HttpServletRequest;Ljavax/servlet/http/HttpServletResponse;)V+68
j  org.eclipse.jetty.server.handler.ContextHandler.doHandle(Ljava/lang/String;Lorg/eclipse/jetty/server/Request;Ljavax/servlet/http/HttpServletRequest;Ljavax/servlet/http/HttpServletResponse;)V+369
j  org.eclipse.jetty.servlet.ServletHandler.doScope(Ljava/lang/String;Lorg/eclipse/jetty/server/Request;Ljavax/servlet/http/HttpServletRequest;Ljavax/servlet/http/HttpServletResponse;)V+274
j  org.eclipse.jetty.server.session.SessionHandler.doScope(Ljava/lang/String;Lorg/eclipse/jetty/server/Request;Ljavax/servlet/http/HttpServletRequest;Ljavax/servlet/http/HttpServletResponse;)V+233
j  org.eclipse.jetty.server.handler.ContextHandler.doScope(Ljava/lang/String;Lorg/eclipse/jetty/server/Request;Ljavax/servlet/http/HttpServletRequest;Ljavax/servlet/http/HttpServletResponse;)V+437
j  org.eclipse.jetty.server.handler.ScopedHandler.handle(Ljava/lang/String;Lorg/eclipse/jetty/server/Request;Ljavax/servlet/http/HttpServletRequest;Ljavax/servlet/http/HttpServletResponse;)V+20
j  org.eclipse.jetty.server.handler.HandlerWrapper.handle(Ljava/lang/String;Lorg/eclipse/jetty/server/Request;Ljavax/servlet/http/HttpServletRequest;Ljavax/servlet/http/HttpServletResponse;)V+23
j  org.eclipse.jetty.server.Server.handle(Lorg/eclipse/jetty/server/HttpChannel;)V+118
j  org.eclipse.jetty.server.HttpChannel.handle()Z+263
j  org.eclipse.jetty.server.HttpConnection.onFillable()V+178
j  org.eclipse.jetty.io.AbstractConnection$2.run()V+4
j  org.eclipse.jetty.util.thread.QueuedThreadPool.runJob(Ljava/lang/Runnable;)V+1
j  org.eclipse.jetty.util.thread.QueuedThreadPool$3.run()V+73
j  java.lang.Thread.run()V+11
v  ~StubRoutines::call_stub

---------------  P R O C E S S  ---------------

Java Threads: ( => current thread )
  0x00007f77c4006000 JavaThread "qtp1434012857-38" [_thread_blocked, id=9836, stack(0x00007f77b58ba000,0x00007f77b59bb000)]
=>0x00007f77c006e800 JavaThread "qtp1434012857-37" [_thread_in_vm, id=9835, stack(0x00007f77b59bb000,0x00007f77b5abc000)]
  0x00007f77a8008800 JavaThread "pool-3-thread-2" [_thread_blocked, id=9530, stack(0x00007f77b5abc000,0x00007f77b5bbd000)]
  0x00007f77c00d8800 JavaThread "pool-3-thread-1" [_thread_blocked, id=9528, stack(0x00007f77b70f1000,0x00007f77b71f2000)]
  0x00007f77c00d6000 JavaThread "UDP-Sender-0.0.0.0/0.0.0.0:0[0]" daemon [_thread_blocked, id=9527, stack(0x00007f77b71f2000,0x00007f77b72f3000)]
  0x00007f77c00d5000 JavaThread "UDP-Receiver-0.0.0.0/0.0.0.0:0[0]" daemon [_thread_in_native, id=9526, stack(0x00007f77b72f3000,0x00007f77b73f4000)]
  0x00007f77c00d1800 JavaThread "pool-4-thread-2" [_thread_blocked, id=9525, stack(0x00007f77b73f4000,0x00007f77b74f5000)]
  0x00007f77c00bf800 JavaThread "DTLS-Sender-0.0.0.0/0.0.0.0:33493" [_thread_blocked, id=9524, stack(0x00007f77b74f5000,0x00007f77b75f6000)]
  0x00007f77c00bd000 JavaThread "DTLS-Receiver-0.0.0.0/0.0.0.0:33493" [_thread_in_native, id=9523, stack(0x00007f77b75f6000,0x00007f77b76f7000)]
  0x00007f77c00b1000 JavaThread "Timer-2" daemon [_thread_blocked, id=9522, stack(0x00007f77b76f7000,0x00007f77b77f8000)]
  0x00007f77c00a7800 JavaThread "pool-4-thread-1" [_thread_blocked, id=9521, stack(0x00007f77b77f8000,0x00007f77b78f9000)]
  0x00007f77c001a000 JavaThread "Timer-1" [_thread_blocked, id=9520, stack(0x00007f77b78f9000,0x00007f77b79fa000)]
  0x0000000001861000 JavaThread "Scheduler-1001065306" [_thread_blocked, id=9509, stack(0x00007f77b79fa000,0x00007f77b7afb000)]
  0x00007f77f000e000 JavaThread "DestroyJavaVM" [_thread_blocked, id=9468, stack(0x00007f77f78c9000,0x00007f77f79ca000)]
  0x00007f77f05b8000 JavaThread "Scheduler-226777201" [_thread_blocked, id=9501, stack(0x00007f77b7afb000,0x00007f77b7bfc000)]
  0x00007f77f0551800 JavaThread "qtp1434012857-22" [_thread_blocked, id=9499, stack(0x00007f77b7bfc000,0x00007f77b7cfd000)]
  0x00007f77f054d800 JavaThread "qtp1434012857-20" [_thread_blocked, id=9495, stack(0x00007f77b7dfe000,0x00007f77b7eff000)]
  0x00007f77f054b800 JavaThread "qtp1434012857-19" [_thread_blocked, id=9494, stack(0x00007f77b7eff000,0x00007f77b8000000)]
  0x00007f77f0547000 JavaThread "qtp1434012857-17-acceptor-0-ServerConnector@36254f63{HTTP/1.1}{0.0.0.0:9090}" [_thread_in_native, id=9492, stack(0x00007f77e41e9000,0x00007f77e42ea000)]
  0x00007f77f0545000 JavaThread "qtp1434012857-16-selector-ServerConnectorManager@63c1edd9/1" [_thread_in_native, id=9491, stack(0x00007f77e42ea000,0x00007f77e43eb000)]
  0x00007f77f053f000 JavaThread "qtp1434012857-15-selector-ServerConnectorManager@63c1edd9/0" [_thread_in_native, id=9490, stack(0x00007f77e43eb000,0x00007f77e44ec000)]
  0x00007f77f044d000 JavaThread "Timer-0" [_thread_blocked, id=9489, stack(0x00007f77e44ec000,0x00007f77e45ed000)]
  0x00007f77f00c0000 JavaThread "Service Thread" daemon [_thread_blocked, id=9486, stack(0x00007f77e6110000,0x00007f77e6211000)]
  0x00007f77f00bd800 JavaThread "C2 CompilerThread1" daemon [_thread_blocked, id=9485, stack(0x00007f77e6211000,0x00007f77e6312000)]
  0x00007f77f00ba800 JavaThread "C2 CompilerThread0" daemon [_thread_blocked, id=9484, stack(0x00007f77e6312000,0x00007f77e6413000)]
  0x00007f77cc001000 JavaThread "JDWP Command Reader" daemon [_thread_in_native, id=9481, stack(0x00007f77e6413000,0x00007f77e6514000)]
  0x00007f77f00b8800 JavaThread "JDWP Event Helper Thread" daemon [_thread_blocked, id=9480, stack(0x00007f77e6514000,0x00007f77e6615000)]
  0x00007f77f00b4800 JavaThread "JDWP Transport Listener: dt_socket" daemon [_thread_blocked, id=9477, stack(0x00007f77e6615000,0x00007f77e6716000)]
  0x00007f77f00a7000 JavaThread "Signal Dispatcher" daemon [_thread_blocked, id=9475, stack(0x00007f77e691b000,0x00007f77e6a1c000)]
  0x00007f77f007b800 JavaThread "Finalizer" daemon [_thread_blocked, id=9474, stack(0x00007f77e6a1c000,0x00007f77e6b1d000)]
  0x00007f77f0079800 JavaThread "Reference Handler" daemon [_thread_blocked, id=9473, stack(0x00007f77e6b1d000,0x00007f77e6c1e000)]

Other Threads:
  0x00007f77f0075000 VMThread [stack: 0x00007f77e6c1e000,0x00007f77e6d1f000] [id=9472]
  0x00007f77f00ca800 WatcherThread [stack: 0x00007f77e600f000,0x00007f77e6110000] [id=9487]

VM state:not at safepoint (normal execution)

VM Mutex/Monitor currently owned by a thread: None

Heap
 PSYoungGen      total 37376K, used 33385K [0x00000007d6d00000, 0x00000007d9680000, 0x0000000800000000)
  eden space 32256K, 87% used [0x00000007d6d00000,0x00000007d889e410,0x00000007d8c80000)
  from space 5120K, 99% used [0x00000007d8c80000,0x00000007d917c0b0,0x00000007d9180000)
  to   space 5120K, 0% used [0x00000007d9180000,0x00000007d9180000,0x00000007d9680000)
 ParOldGen       total 83968K, used 3132K [0x0000000784800000, 0x0000000789a00000, 0x00000007d6d00000)
  object space 83968K, 3% used [0x0000000784800000,0x0000000784b0f1f8,0x0000000789a00000)
 PSPermGen       total 21504K, used 18937K [0x000000077a200000, 0x000000077b700000, 0x0000000784800000)
  object space 21504K, 88% used [0x000000077a200000,0x000000077b47e788,0x000000077b700000)

Card table byte_map: [0x00007f77ec5af000,0x00007f77ec9df000] byte_map_base: 0x00007f77e89de000

Polling page: 0x00007f77f79ef000

Code Cache  [0x00007f77ec9df000, 0x00007f77ecc4f000, 0x00007f77ef9df000)
 total_blobs=655 nmethods=313 adapters=304 free_code_cache=47750Kb largest_free_block=48867776

Compilation events (10 events):
Event: 2809.195 Thread 0x00007f77f00bd800  329             org.eclipse.jetty.util.log.JettyAwareLogger::isDebugEnabled (10 bytes)
Event: 2809.204 Thread 0x00007f77f00bd800 nmethod 329 0x00007f77ecb358d0 code [0x00007f77ecb35a60, 0x00007f77ecb35d78]
Event: 2845.121 Thread 0x00007f77f00ba800  330             org.eclipse.jetty.http.MimeTypes::getCharsetFromContentType (404 bytes)
Event: 2845.123 Thread 0x00007f77f00bd800  331             sun.nio.ch.Util::access$000 (4 bytes)
Event: 2845.123 Thread 0x00007f77f00bd800 nmethod 331 0x00007f77eca62350 code [0x00007f77eca62480, 0x00007f77eca624b8]
Event: 2845.137 Thread 0x00007f77f00ba800 nmethod 330 0x00007f77ecb37110 code [0x00007f77ecb37280, 0x00007f77ecb37a38]
Event: 2965.447 Thread 0x00007f77f00bd800  332             java.util.AbstractCollection::<init> (5 bytes)
Event: 2965.447 Thread 0x00007f77f00bd800 nmethod 332 0x00007f77ecb356d0 code [0x00007f77ecb35800, 0x00007f77ecb35858]
Event: 3001.084 Thread 0x00007f77f00bd800  333             java.util.AbstractMap::<init> (15 bytes)
Event: 3001.085 Thread 0x00007f77f00bd800 nmethod 333 0x00007f77ecb354d0 code [0x00007f77ecb35600, 0x00007f77ecb35678]

GC Heap History (6 events):
Event: 1.193 GC heap before
{Heap before GC invocations=1 (full 0):
 PSYoungGen      total 37376K, used 32256K [0x00000007d6d00000, 0x00000007d9680000, 0x0000000800000000)
  eden space 32256K, 100% used [0x00000007d6d00000,0x00000007d8c80000,0x00000007d8c80000)
  from space 5120K, 0% used [0x00000007d9180000,0x00000007d9180000,0x00000007d9680000)
  to   space 5120K, 0% used [0x00000007d8c80000,0x00000007d8c80000,0x00000007d9180000)
 ParOldGen       total 83968K, used 0K [0x0000000784800000, 0x0000000789a00000, 0x00000007d6d00000)
  object space 83968K, 0% used [0x0000000784800000,0x0000000784800000,0x0000000789a00000)
 PSPermGen       total 21504K, used 11692K [0x000000077a200000, 0x000000077b700000, 0x0000000784800000)
  object space 21504K, 54% used [0x000000077a200000,0x000000077ad6b108,0x000000077b700000)
Event: 1.204 GC heap after
Heap after GC invocations=1 (full 0):
 PSYoungGen      total 37376K, used 4714K [0x00000007d6d00000, 0x00000007d9680000, 0x0000000800000000)
  eden space 32256K, 0% used [0x00000007d6d00000,0x00000007d6d00000,0x00000007d8c80000)
  from space 5120K, 92% used [0x00000007d8c80000,0x00000007d911aac8,0x00000007d9180000)
  to   space 5120K, 0% used [0x00000007d9180000,0x00000007d9180000,0x00000007d9680000)
 ParOldGen       total 83968K, used 8K [0x0000000784800000, 0x0000000789a00000, 0x00000007d6d00000)
  object space 83968K, 0% used [0x0000000784800000,0x0000000784802000,0x0000000789a00000)
 PSPermGen       total 21504K, used 11692K [0x000000077a200000, 0x000000077b700000, 0x0000000784800000)
  object space 21504K, 54% used [0x000000077a200000,0x000000077ad6b108,0x000000077b700000)
}
Event: 28.755 GC heap before
{Heap before GC invocations=2 (full 0):
 PSYoungGen      total 37376K, used 36970K [0x00000007d6d00000, 0x00000007d9680000, 0x0000000800000000)
  eden space 32256K, 100% used [0x00000007d6d00000,0x00000007d8c80000,0x00000007d8c80000)
  from space 5120K, 92% used [0x00000007d8c80000,0x00000007d911aac8,0x00000007d9180000)
  to   space 5120K, 0% used [0x00000007d9180000,0x00000007d9180000,0x00000007d9680000)
 ParOldGen       total 83968K, used 8K [0x0000000784800000, 0x0000000789a00000, 0x00000007d6d00000)
  object space 83968K, 0% used [0x0000000784800000,0x0000000784802000,0x0000000789a00000)
 PSPermGen       total 21504K, used 16820K [0x000000077a200000, 0x000000077b700000, 0x0000000784800000)
  object space 21504K, 78% used [0x000000077a200000,0x000000077b26d0a8,0x000000077b700000)
Event: 28.770 GC heap after
Heap after GC invocations=2 (full 0):
 PSYoungGen      total 37376K, used 5103K [0x00000007d6d00000, 0x00000007d9680000, 0x0000000800000000)
  eden space 32256K, 0% used [0x00000007d6d00000,0x00000007d6d00000,0x00000007d8c80000)
  from space 5120K, 99% used [0x00000007d9180000,0x00000007d967bed8,0x00000007d9680000)
  to   space 5120K, 0% used [0x00000007d8c80000,0x00000007d8c80000,0x00000007d9180000)
 ParOldGen       total 83968K, used 1036K [0x0000000784800000, 0x0000000789a00000, 0x00000007d6d00000)
  object space 83968K, 1% used [0x0000000784800000,0x0000000784903160,0x0000000789a00000)
 PSPermGen       total 21504K, used 16820K [0x000000077a200000, 0x000000077b700000, 0x0000000784800000)
  object space 21504K, 78% used [0x000000077a200000,0x000000077b26d0a8,0x000000077b700000)
}
Event: 1225.445 GC heap before
{Heap before GC invocations=3 (full 0):
 PSYoungGen      total 37376K, used 37359K [0x00000007d6d00000, 0x00000007d9680000, 0x0000000800000000)
  eden space 32256K, 100% used [0x00000007d6d00000,0x00000007d8c80000,0x00000007d8c80000)
  from space 5120K, 99% used [0x00000007d9180000,0x00000007d967bed8,0x00000007d9680000)
  to   space 5120K, 0% used [0x00000007d8c80000,0x00000007d8c80000,0x00000007d9180000)
 ParOldGen       total 83968K, used 1036K [0x0000000784800000, 0x0000000789a00000, 0x00000007d6d00000)
  object space 83968K, 1% used [0x0000000784800000,0x0000000784903160,0x0000000789a00000)
 PSPermGen       total 21504K, used 18819K [0x000000077a200000, 0x000000077b700000, 0x0000000784800000)
  object space 21504K, 87% used [0x000000077a200000,0x000000077b460f68,0x000000077b700000)
Event: 1225.460 GC heap after
Heap after GC invocations=3 (full 0):
 PSYoungGen      total 37376K, used 5104K [0x00000007d6d00000, 0x00000007d9680000, 0x0000000800000000)
  eden space 32256K, 0% used [0x00000007d6d00000,0x00000007d6d00000,0x00000007d8c80000)
  from space 5120K, 99% used [0x00000007d8c80000,0x00000007d917c0b0,0x00000007d9180000)
  to   space 5120K, 0% used [0x00000007d9180000,0x00000007d9180000,0x00000007d9680000)
 ParOldGen       total 83968K, used 3132K [0x0000000784800000, 0x0000000789a00000, 0x00000007d6d00000)
  object space 83968K, 3% used [0x0000000784800000,0x0000000784b0f1f8,0x0000000789a00000)
 PSPermGen       total 21504K, used 18819K [0x000000077a200000, 0x000000077b700000, 0x0000000784800000)
  object space 21504K, 87% used [0x000000077a200000,0x000000077b460f68,0x000000077b700000)
}

Deoptimization events (10 events):
Event: 30.985 Thread 0x00007f77f0549000 Uncommon trap: reason=range_check action=none pc=0x00007f77eca5762c method=sun.reflect.generics.parser.SignatureParser.current()C @ 34
Event: 316.698 Thread 0x00007f77f054d800 Uncommon trap: reason=unreached action=reinterpret pc=0x00007f77ecaf0060 method=com.google.gson.stream.JsonWriter.string(Ljava/lang/String;)V @ 68
Event: 1278.249 Thread 0x00007f77f0545000 Uncommon trap: reason=predicate action=maybe_recompile pc=0x00007f77eca74d5c method=java.util.Arrays.fill([Ljava/lang/Object;Ljava/lang/Object;)V @ 10
Event: 2094.521 Thread 0x00007f77f053f000 Uncommon trap: reason=array_check action=maybe_recompile pc=0x00007f77ecaf2708 method=java.util.Arrays.fill([Ljava/lang/Object;Ljava/lang/Object;)V @ 13
Event: 2094.522 Thread 0x00007f77f053f000 Uncommon trap: reason=array_check action=maybe_recompile pc=0x00007f77ecaf2708 method=java.util.Arrays.fill([Ljava/lang/Object;Ljava/lang/Object;)V @ 13
Event: 2094.527 Thread 0x00007f77f053f000 Uncommon trap: reason=array_check action=maybe_recompile pc=0x00007f77ecaf2708 method=java.util.Arrays.fill([Ljava/lang/Object;Ljava/lang/Object;)V @ 13
Event: 2094.528 Thread 0x00007f77f053f000 Uncommon trap: reason=array_check action=maybe_recompile pc=0x00007f77ecaf2708 method=java.util.Arrays.fill([Ljava/lang/Object;Ljava/lang/Object;)V @ 13
Event: 2805.387 Thread 0x00007f77c006e800 Uncommon trap: reason=null_check action=make_not_entrant pc=0x00007f77ecb169c8 method=org.eclipse.jetty.http.HttpParser.parseHeaders(Ljava/nio/ByteBuffer;)Z @ 809
Event: 2862.717 Thread 0x00007f77f0551800 Uncommon trap: reason=unloaded action=reinterpret pc=0x00007f77ecaf226c method=org.eclipse.jetty.http.HttpURI.getDecodedPath()Ljava/lang/String; @ 45
Event: 2862.722 Thread 0x00007f77f0551800 Uncommon trap: reason=unreached action=reinterpret pc=0x00007f77eca9aee8 method=java.util.HashMap.put(Ljava/lang/Object;Ljava/lang/Object;)Ljava/lang/Object; @ 19

Internal exceptions (10 events):
Event: 2805.387 Thread 0x00007f77c006e800 Implicit null exception at 0x00007f77ecb1583e to 0x00007f77ecb169bd
Event: 2862.717 Thread 0x00007f77f0551800 Threw 0x00000007d8469328 at /build/buildd/openjdk-7-7u71-2.5.3/build/openjdk/hotspot/src/share/vm/prims/jvm.cpp:1284
Event: 2862.718 Thread 0x00007f77f0551800 Threw 0x00000007d8471a10 at /build/buildd/openjdk-7-7u71-2.5.3/build/openjdk/hotspot/src/share/vm/prims/jvm.cpp:1284
Event: 2862.718 Thread 0x00007f77f0551800 Threw 0x00000007d847d780 at /build/buildd/openjdk-7-7u71-2.5.3/build/openjdk/hotspot/src/share/vm/prims/jvm.cpp:1284
Event: 2862.720 Thread 0x00007f77f0551800 Threw 0x00000007d871ffe8 at /build/buildd/openjdk-7-7u71-2.5.3/build/openjdk/hotspot/src/share/vm/prims/jvm.cpp:1284
Event: 2862.720 Thread 0x00007f77f0551800 Threw 0x00000007d8725460 at /build/buildd/openjdk-7-7u71-2.5.3/build/openjdk/hotspot/src/share/vm/prims/jvm.cpp:1284
Event: 2862.720 Thread 0x00007f77f0551800 Threw 0x00000007d87263b0 at /build/buildd/openjdk-7-7u71-2.5.3/build/openjdk/hotspot/src/share/vm/prims/jvm.cpp:1284
Event: 2862.722 Thread 0x00007f77f0551800 Threw 0x00000007d873bcc0 at /build/buildd/openjdk-7-7u71-2.5.3/build/openjdk/hotspot/src/share/vm/prims/jvm.cpp:1284
Event: 2862.722 Thread 0x00007f77f0551800 Threw 0x00000007d8741138 at /build/buildd/openjdk-7-7u71-2.5.3/build/openjdk/hotspot/src/share/vm/prims/jvm.cpp:1284
Event: 2862.722 Thread 0x00007f77f0551800 Implicit null exception at 0x00007f77eca9a7f0 to 0x00007f77eca9aed9

Events (10 events):
Event: 3049.945 Executing VM operation: RevokeBias
Event: 3049.946 Executing VM operation: RevokeBias done
Event: 3116.330 Executing VM operation: ChangeBreakpoints
Event: 3116.331 Executing VM operation: ChangeBreakpoints done
Event: 3116.339 Executing VM operation: ChangeBreakpoints
Event: 3116.339 Executing VM operation: ChangeBreakpoints done
Event: 3116.346 Executing VM operation: ChangeBreakpoints
Event: 3116.346 Executing VM operation: ChangeBreakpoints done
Event: 3124.754 Executing VM operation: RevokeBias
Event: 3124.754 Executing VM operation: RevokeBias done


Dynamic libraries:
00400000-00401000 r-xp 00000000 08:01 2213627                            /usr/lib/jvm/java-7-openjdk-amd64/jre/bin/java
00600000-00601000 r--p 00000000 08:01 2213627                            /usr/lib/jvm/java-7-openjdk-amd64/jre/bin/java
00601000-00602000 rw-p 00001000 08:01 2213627                            /usr/lib/jvm/java-7-openjdk-amd64/jre/bin/java
01857000-01878000 rw-p 00000000 00:00 0                                  [heap]
77a200000-77b700000 rw-p 00000000 00:00 0 
77b700000-784800000 rw-p 00000000 00:00 0 
784800000-789a00000 rw-p 00000000 00:00 0 
789a00000-7d6d00000 rw-p 00000000 00:00 0 
7d6d00000-7d9680000 rw-p 00000000 00:00 0 
7d9680000-800000000 rw-p 00000000 00:00 0 
7f77a8000000-7f77a8022000 rw-p 00000000 00:00 0 
7f77a8022000-7f77ac000000 ---p 00000000 00:00 0 
7f77ac000000-7f77ac021000 rw-p 00000000 00:00 0 
7f77ac021000-7f77b0000000 ---p 00000000 00:00 0 
7f77b0000000-7f77b0022000 rw-p 00000000 00:00 0 
7f77b0022000-7f77b4000000 ---p 00000000 00:00 0 
7f77b58ba000-7f77b58bd000 ---p 00000000 00:00 0 
7f77b58bd000-7f77b59bb000 rw-p 00000000 00:00 0                          [stack:9836]
7f77b59bb000-7f77b59be000 ---p 00000000 00:00 0 
7f77b59be000-7f77b5abc000 rw-p 00000000 00:00 0                          [stack:9835]
7f77b5abc000-7f77b5abf000 ---p 00000000 00:00 0 
7f77b5abf000-7f77b5bbd000 rw-p 00000000 00:00 0                          [stack:9530]
7f77b5bbd000-7f77b5c34000 r-xp 00000000 08:01 1878712                    /usr/lib/x86_64-linux-gnu/nss/libfreebl3.so
7f77b5c34000-7f77b5e34000 ---p 00077000 08:01 1878712                    /usr/lib/x86_64-linux-gnu/nss/libfreebl3.so
7f77b5e34000-7f77b5e35000 r--p 00077000 08:01 1878712                    /usr/lib/x86_64-linux-gnu/nss/libfreebl3.so
7f77b5e35000-7f77b5e36000 rw-p 00078000 08:01 1878712                    /usr/lib/x86_64-linux-gnu/nss/libfreebl3.so
7f77b5e36000-7f77b5e3a000 rw-p 00000000 00:00 0 
7f77b5e3a000-7f77b5eee000 r-xp 00000000 08:01 1847293                    /usr/lib/x86_64-linux-gnu/libsqlite3.so.0.8.6
7f77b5eee000-7f77b60ee000 ---p 000b4000 08:01 1847293                    /usr/lib/x86_64-linux-gnu/libsqlite3.so.0.8.6
7f77b60ee000-7f77b60f0000 r--p 000b4000 08:01 1847293                    /usr/lib/x86_64-linux-gnu/libsqlite3.so.0.8.6
7f77b60f0000-7f77b60f2000 rw-p 000b6000 08:01 1847293                    /usr/lib/x86_64-linux-gnu/libsqlite3.so.0.8.6
7f77b60f2000-7f77b60f3000 rw-p 00000000 00:00 0 
7f77b60f3000-7f77b6134000 r-xp 00000000 08:01 1878718                    /usr/lib/x86_64-linux-gnu/nss/libsoftokn3.so
7f77b6134000-7f77b6334000 ---p 00041000 08:01 1878718                    /usr/lib/x86_64-linux-gnu/nss/libsoftokn3.so
7f77b6334000-7f77b6335000 r--p 00041000 08:01 1878718                    /usr/lib/x86_64-linux-gnu/nss/libsoftokn3.so
7f77b6335000-7f77b6336000 rw-p 00042000 08:01 1878718                    /usr/lib/x86_64-linux-gnu/nss/libsoftokn3.so
7f77b6336000-7f77b636e000 r-xp 00000000 08:01 1847093                    /usr/lib/x86_64-linux-gnu/libnspr4.so
7f77b636e000-7f77b656e000 ---p 00038000 08:01 1847093                    /usr/lib/x86_64-linux-gnu/libnspr4.so
7f77b656e000-7f77b656f000 r--p 00038000 08:01 1847093                    /usr/lib/x86_64-linux-gnu/libnspr4.so
7f77b656f000-7f77b6570000 rw-p 00039000 08:01 1847093                    /usr/lib/x86_64-linux-gnu/libnspr4.so
7f77b6570000-7f77b6573000 rw-p 00000000 00:00 0 
7f77b6573000-7f77b6576000 r-xp 00000000 08:01 1847157                    /usr/lib/x86_64-linux-gnu/libplds4.so
7f77b6576000-7f77b6775000 ---p 00003000 08:01 1847157                    /usr/lib/x86_64-linux-gnu/libplds4.so
7f77b6775000-7f77b6776000 r--p 00002000 08:01 1847157                    /usr/lib/x86_64-linux-gnu/libplds4.so
7f77b6776000-7f77b6777000 rw-p 00003000 08:01 1847157                    /usr/lib/x86_64-linux-gnu/libplds4.so
7f77b6777000-7f77b677b000 r-xp 00000000 08:01 1847156                    /usr/lib/x86_64-linux-gnu/libplc4.so
7f77b677b000-7f77b697a000 ---p 00004000 08:01 1847156                    /usr/lib/x86_64-linux-gnu/libplc4.so
7f77b697a000-7f77b697b000 r--p 00003000 08:01 1847156                    /usr/lib/x86_64-linux-gnu/libplc4.so
7f77b697b000-7f77b697c000 rw-p 00004000 08:01 1847156                    /usr/lib/x86_64-linux-gnu/libplc4.so
7f77b697c000-7f77b69a1000 r-xp 00000000 08:01 1847102                    /usr/lib/x86_64-linux-gnu/libnssutil3.so
7f77b69a1000-7f77b6ba0000 ---p 00025000 08:01 1847102                    /usr/lib/x86_64-linux-gnu/libnssutil3.so
7f77b6ba0000-7f77b6ba6000 r--p 00024000 08:01 1847102                    /usr/lib/x86_64-linux-gnu/libnssutil3.so
7f77b6ba6000-7f77b6ba7000 rw-p 0002a000 08:01 1847102                    /usr/lib/x86_64-linux-gnu/libnssutil3.so
7f77b6ba7000-7f77b6cd9000 r-xp 00000000 08:01 1847094                    /usr/lib/x86_64-linux-gnu/libnss3.so
7f77b6cd9000-7f77b6ed9000 ---p 00132000 08:01 1847094                    /usr/lib/x86_64-linux-gnu/libnss3.so
7f77b6ed9000-7f77b6edd000 r--p 00132000 08:01 1847094                    /usr/lib/x86_64-linux-gnu/libnss3.so
7f77b6edd000-7f77b6edf000 rw-p 00136000 08:01 1847094                    /usr/lib/x86_64-linux-gnu/libnss3.so
7f77b6edf000-7f77b6ee0000 rw-p 00000000 00:00 0 
7f77b6ee0000-7f77b6ef0000 r-xp 00000000 08:01 2156776                    /usr/lib/jvm/java-7-openjdk-amd64/jre/lib/amd64/libj2pkcs11.so
7f77b6ef0000-7f77b70ef000 ---p 00010000 08:01 2156776                    /usr/lib/jvm/java-7-openjdk-amd64/jre/lib/amd64/libj2pkcs11.so
7f77b70ef000-7f77b70f0000 r--p 0000f000 08:01 2156776                    /usr/lib/jvm/java-7-openjdk-amd64/jre/lib/amd64/libj2pkcs11.so
7f77b70f0000-7f77b70f1000 rw-p 00010000 08:01 2156776                    /usr/lib/jvm/java-7-openjdk-amd64/jre/lib/amd64/libj2pkcs11.so
7f77b70f1000-7f77b70f4000 ---p 00000000 00:00 0 
7f77b70f4000-7f77b71f2000 rw-p 00000000 00:00 0                          [stack:9528]
7f77b71f2000-7f77b71f5000 ---p 00000000 00:00 0 
7f77b71f5000-7f77b72f3000 rw-p 00000000 00:00 0                          [stack:9527]
7f77b72f3000-7f77b72f6000 ---p 00000000 00:00 0 
7f77b72f6000-7f77b73f4000 rw-p 00000000 00:00 0                          [stack:9526]
7f77b73f4000-7f77b73f7000 ---p 00000000 00:00 0 
7f77b73f7000-7f77b74f5000 rw-p 00000000 00:00 0                          [stack:9525]
7f77b74f5000-7f77b74f8000 ---p 00000000 00:00 0 
7f77b74f8000-7f77b75f6000 rw-p 00000000 00:00 0                          [stack:9524]
7f77b75f6000-7f77b75f9000 ---p 00000000 00:00 0 
7f77b75f9000-7f77b76f7000 rw-p 00000000 00:00 0                          [stack:9523]
7f77b76f7000-7f77b76fa000 ---p 00000000 00:00 0 
7f77b76fa000-7f77b77f8000 rw-p 00000000 00:00 0                          [stack:9522]
7f77b77f8000-7f77b77fb000 ---p 00000000 00:00 0 
7f77b77fb000-7f77b78f9000 rw-p 00000000 00:00 0                          [stack:9521]
7f77b78f9000-7f77b78fc000 ---p 00000000 00:00 0 
7f77b78fc000-7f77b79fa000 rw-p 00000000 00:00 0                          [stack:9520]
7f77b79fa000-7f77b79fd000 ---p 00000000 00:00 0 
7f77b79fd000-7f77b7afb000 rw-p 00000000 00:00 0                          [stack:9509]
7f77b7afb000-7f77b7afe000 ---p 00000000 00:00 0 
7f77b7afe000-7f77b7bfc000 rw-p 00000000 00:00 0                          [stack:9501]
7f77b7bfc000-7f77b7bff000 ---p 00000000 00:00 0 
7f77b7bff000-7f77b7cfd000 rw-p 00000000 00:00 0                          [stack:9499]
7f77b7cfd000-7f77b7d00000 ---p 00000000 00:00 0 
7f77b7d00000-7f77b7dfe000 rw-p 00000000 00:00 0 
7f77b7dfe000-7f77b7e01000 ---p 00000000 00:00 0 
7f77b7e01000-7f77b7eff000 rw-p 00000000 00:00 0                          [stack:9495]
7f77b7eff000-7f77b7f02000 ---p 00000000 00:00 0 
7f77b7f02000-7f77b8000000 rw-p 00000000 00:00 0                          [stack:9494]
7f77b8000000-7f77b8fc5000 rw-p 00000000 00:00 0 
7f77b8fc5000-7f77bc000000 ---p 00000000 00:00 0 
7f77bc000000-7f77bcb43000 rw-p 00000000 00:00 0 
7f77bcb43000-7f77c0000000 ---p 00000000 00:00 0 
7f77c0000000-7f77c00db000 rw-p 00000000 00:00 0 
7f77c00db000-7f77c4000000 ---p 00000000 00:00 0 
7f77c4000000-7f77c4021000 rw-p 00000000 00:00 0 
7f77c4021000-7f77c8000000 ---p 00000000 00:00 0 
7f77c8000000-7f77c8021000 rw-p 00000000 00:00 0 
7f77c8021000-7f77cc000000 ---p 00000000 00:00 0 
7f77cc000000-7f77cc021000 rw-p 00000000 00:00 0 
7f77cc021000-7f77d0000000 ---p 00000000 00:00 0 
7f77d0000000-7f77d0022000 rw-p 00000000 00:00 0 
7f77d0022000-7f77d4000000 ---p 00000000 00:00 0 
7f77d4000000-7f77d4021000 rw-p 00000000 00:00 0 
7f77d4021000-7f77d8000000 ---p 00000000 00:00 0 
7f77d8000000-7f77d8021000 rw-p 00000000 00:00 0 
7f77d8021000-7f77dc000000 ---p 00000000 00:00 0 
7f77dc000000-7f77dc072000 rw-p 00000000 00:00 0 
7f77dc072000-7f77e0000000 ---p 00000000 00:00 0 
7f77e0000000-7f77e026b000 rw-p 00000000 00:00 0 
7f77e026b000-7f77e4000000 ---p 00000000 00:00 0 
7f77e4043000-7f77e4044000 rw-p 00000000 00:00 0 
7f77e4044000-7f77e4047000 r--s 00000000 08:06 4997222                    /home/ist/ankush/backup/demoClient/leshan/leshan-client-demo/target/classes/webapp/js/resource-directives.js (deleted)
7f77e4047000-7f77e404a000 r--s 00000000 08:06 4997221                    /home/ist/ankush/backup/demoClient/leshan/leshan-client-demo/target/classes/webapp/js/resource-directives.js (deleted)
7f77e404a000-7f77e404d000 r--s 00000000 08:06 4997220                    /home/ist/ankush/backup/demoClient/leshan/leshan-client-demo/target/classes/webapp/js/resource-directives.js (deleted)
7f77e404d000-7f77e4050000 r--s 00000000 08:06 4997218                    /home/ist/ankush/backup/demoClient/leshan/leshan-client-demo/target/classes/webapp/js/resource-directives.js (deleted)
7f77e4050000-7f77e4053000 r--s 00000000 08:06 4997219                    /home/ist/ankush/backup/demoClient/leshan/leshan-client-demo/target/classes/webapp/js/resource-directives.js (deleted)
7f77e4053000-7f77e4056000 r--s 00000000 08:06 4997217                    /home/ist/ankush/backup/demoClient/leshan/leshan-client-demo/target/classes/webapp/js/resource-directives.js (deleted)
7f77e4056000-7f77e4059000 r--s 00000000 08:06 4997216                    /home/ist/ankush/backup/demoClient/leshan/leshan-client-demo/target/classes/webapp/js/resource-directives.js (deleted)
7f77e4059000-7f77e405c000 r--s 00000000 08:06 4997214                    /home/ist/ankush/backup/demoClient/leshan/leshan-client-demo/target/classes/webapp/js/resource-directives.js (deleted)
7f77e405c000-7f77e405f000 r--s 00000000 08:06 4997215                    /home/ist/ankush/backup/demoClient/leshan/leshan-client-demo/target/classes/webapp/js/resource-directives.js (deleted)
7f77e405f000-7f77e4062000 r--s 00000000 08:06 4997213                    /home/ist/ankush/backup/demoClient/leshan/leshan-client-demo/target/classes/webapp/js/resource-directives.js (deleted)
7f77e4062000-7f77e4065000 r--s 00000000 08:06 4997212                    /home/ist/ankush/backup/demoClient/leshan/leshan-client-demo/target/classes/webapp/js/resource-directives.js (deleted)
7f77e4065000-7f77e4068000 r--s 00000000 08:06 4997211                    /home/ist/ankush/backup/demoClient/leshan/leshan-client-demo/target/classes/webapp/js/resource-directives.js (deleted)
7f77e4068000-7f77e406b000 r--s 00000000 08:06 4997210                    /home/ist/ankush/backup/demoClient/leshan/leshan-client-demo/target/classes/webapp/js/resource-directives.js (deleted)
7f77e406b000-7f77e406e000 r--s 00000000 08:06 4997209                    /home/ist/ankush/backup/demoClient/leshan/leshan-client-demo/target/classes/webapp/js/resource-directives.js (deleted)
7f77e406e000-7f77e406f000 r--s 00000000 08:06 4972615                    /home/ist/ankush/backup/demoClient/leshan/leshan-client-demo/target/classes/webapp/partials/resource.html
7f77e406f000-7f77e4070000 r--s 00000000 08:06 4972629                    /home/ist/ankush/backup/demoClient/leshan/leshan-client-demo/target/classes/webapp/partials/instance.html
7f77e4070000-7f77e4071000 r--s 00000000 08:06 4972631                    /home/ist/ankush/backup/demoClient/leshan/leshan-client-demo/target/classes/webapp/clientdetails.json
7f77e4071000-7f77e4072000 r--s 00000000 08:06 4972621                    /home/ist/ankush/backup/demoClient/leshan/leshan-client-demo/target/classes/webapp/partials/object.html
7f77e4072000-7f77e4078000 r--s 00000000 08:06 5021773                    /home/ist/ankush/backup/demoClient/leshan/leshan-client-demo/target/classes/webapp/vendor/fonts/glyphicons-halflings-regular.woff
7f77e4078000-7f77e407b000 r--s 00017000 08:01 2156798                    /usr/lib/jvm/java-7-openjdk-amd64/jre/lib/jce.jar
7f77e407b000-7f77e407d000 r--s 00000000 08:06 4972625                    /home/ist/ankush/backup/demoClient/leshan/leshan-client-demo/target/classes/webapp/partials/security-list.html
7f77e407d000-7f77e407f000 r--s 00000000 08:06 4972622                    /home/ist/ankush/backup/demoClient/leshan/leshan-client-demo/target/classes/webapp/partials/client-detail.html
7f77e407f000-7f77e4081000 r--s 00000000 08:06 4997197                    /home/ist/ankush/backup/demoClient/leshan/leshan-client-demo/target/classes/webapp/img/logo.png
7f77e4081000-7f77e4082000 r--s 00000000 08:06 4997207                    /home/ist/ankush/backup/demoClient/leshan/leshan-client-demo/target/classes/webapp/js/ui-dialog-services.js
7f77e4082000-7f77e4083000 r--s 00000000 08:06 4997203                    /home/ist/ankush/backup/demoClient/leshan/leshan-client-demo/target/classes/webapp/js/resource-form-directives.js
7f77e4083000-7f77e4086000 r--s 00000000 08:06 4997208                    /home/ist/ankush/backup/demoClient/leshan/leshan-client-demo/target/classes/webapp/js/instance-directives.js
7f77e4086000-7f77e4089000 r--s 00000000 08:06 4997199                    /home/ist/ankush/backup/demoClient/leshan/leshan-client-demo/target/classes/webapp/js/resource-directives.js (deleted)
7f77e4089000-7f77e408b000 r--s 00000000 08:06 4997204                    /home/ist/ankush/backup/demoClient/leshan/leshan-client-demo/target/classes/webapp/js/object-directives.js
7f77e408b000-7f77e408c000 r--s 00000000 08:06 4997205                    /home/ist/ankush/backup/demoClient/leshan/leshan-client-demo/target/classes/webapp/js/modal-instance-controllers.js
7f77e408c000-7f77e408f000 r--s 00000000 08:06 4997206                    /home/ist/ankush/backup/demoClient/leshan/leshan-client-demo/target/classes/webapp/js/security-controllers.js
7f77e408f000-7f77e40a0000 r--s 00000000 08:06 5021789                    /home/ist/ankush/backup/demoClient/leshan/leshan-client-demo/target/classes/webapp/vendor/js/ui-bootstrap-tpls-0.12.1.min.js
7f77e40a0000-7f77e40ba000 r--s 00000000 08:06 5021777                    /home/ist/ankush/backup/demoClient/leshan/leshan-client-demo/target/classes/webapp/vendor/js/angular.min.js
7f77e40ba000-7f77e40cf000 r--s 00000000 08:06 5021787                    /home/ist/ankush/backup/demoClient/leshan/leshan-client-demo/target/classes/webapp/vendor/js/jquery-2.1.1.min.js
7f77e40cf000-7f77e40e8000 r--s 00000000 08:06 5013582                    /home/ist/ankush/backup/demoClient/leshan/leshan-client-demo/target/classes/webapp/vendor/css/bootstrap.min.css
7f77e40e8000-7f77e40eb000 ---p 00000000 00:00 0 
7f77e40eb000-7f77e41e9000 rw-p 00000000 00:00 0 
7f77e41e9000-7f77e41ec000 ---p 00000000 00:00 0 
7f77e41ec000-7f77e42ea000 rw-p 00000000 00:00 0                          [stack:9492]
7f77e42ea000-7f77e42ed000 ---p 00000000 00:00 0 
7f77e42ed000-7f77e43eb000 rw-p 00000000 00:00 0                          [stack:9491]
7f77e43eb000-7f77e43ee000 ---p 00000000 00:00 0 
7f77e43ee000-7f77e44ec000 rw-p 00000000 00:00 0                          [stack:9490]
7f77e44ec000-7f77e44ef000 ---p 00000000 00:00 0 
7f77e44ef000-7f77e461e000 rw-p 00000000 00:00 0                          [stack:9489]
7f77e461e000-7f77e465b000 r-xp 00000000 08:01 4672292                    /lib/x86_64-linux-gnu/libpcre.so.3.13.1
7f77e465b000-7f77e485a000 ---p 0003d000 08:01 4672292                    /lib/x86_64-linux-gnu/libpcre.so.3.13.1
7f77e485a000-7f77e485b000 r--p 0003c000 08:01 4672292                    /lib/x86_64-linux-gnu/libpcre.so.3.13.1
7f77e485b000-7f77e485c000 rw-p 0003d000 08:01 4672292                    /lib/x86_64-linux-gnu/libpcre.so.3.13.1
7f77e485c000-7f77e4863000 r-xp 00000000 08:01 1846675                    /usr/lib/x86_64-linux-gnu/libffi.so.6.0.1
7f77e4863000-7f77e4a62000 ---p 00007000 08:01 1846675                    /usr/lib/x86_64-linux-gnu/libffi.so.6.0.1
7f77e4a62000-7f77e4a63000 r--p 00006000 08:01 1846675                    /usr/lib/x86_64-linux-gnu/libffi.so.6.0.1
7f77e4a63000-7f77e4a64000 rw-p 00007000 08:01 1846675                    /usr/lib/x86_64-linux-gnu/libffi.so.6.0.1
7f77e4a64000-7f77e4a7b000 r-xp 00000000 08:01 4672189                    /lib/x86_64-linux-gnu/libresolv-2.19.so
7f77e4a7b000-7f77e4c7b000 ---p 00017000 08:01 4672189                    /lib/x86_64-linux-gnu/libresolv-2.19.so
7f77e4c7b000-7f77e4c7c000 r--p 00017000 08:01 4672189                    /lib/x86_64-linux-gnu/libresolv-2.19.so
7f77e4c7c000-7f77e4c7d000 rw-p 00018000 08:01 4672189                    /lib/x86_64-linux-gnu/libresolv-2.19.so
7f77e4c7d000-7f77e4c7f000 rw-p 00000000 00:00 0 
7f77e4c7f000-7f77e4c9f000 r-xp 00000000 08:01 4672167                    /lib/x86_64-linux-gnu/libselinux.so.1
7f77e4c9f000-7f77e4e9e000 ---p 00020000 08:01 4672167                    /lib/x86_64-linux-gnu/libselinux.so.1
7f77e4e9e000-7f77e4e9f000 r--p 0001f000 08:01 4672167                    /lib/x86_64-linux-gnu/libselinux.so.1
7f77e4e9f000-7f77e4ea0000 rw-p 00020000 08:01 4672167                    /lib/x86_64-linux-gnu/libselinux.so.1
7f77e4ea0000-7f77e4ea2000 rw-p 00000000 00:00 0 
7f77e4ea2000-7f77e4ea5000 r-xp 00000000 08:01 1844199                    /usr/lib/x86_64-linux-gnu/libgmodule-2.0.so.0.4002.0
7f77e4ea5000-7f77e50a4000 ---p 00003000 08:01 1844199                    /usr/lib/x86_64-linux-gnu/libgmodule-2.0.so.0.4002.0
7f77e50a4000-7f77e50a5000 r--p 00002000 08:01 1844199                    /usr/lib/x86_64-linux-gnu/libgmodule-2.0.so.0.4002.0
7f77e50a5000-7f77e50a6000 rw-p 00003000 08:01 1844199                    /usr/lib/x86_64-linux-gnu/libgmodule-2.0.so.0.4002.0
7f77e50a6000-7f77e51ac000 r-xp 00000000 08:01 4672129                    /lib/x86_64-linux-gnu/libglib-2.0.so.0.4002.0
7f77e51ac000-7f77e53ab000 ---p 00106000 08:01 4672129                    /lib/x86_64-linux-gnu/libglib-2.0.so.0.4002.0
7f77e53ab000-7f77e53ac000 r--p 00105000 08:01 4672129                    /lib/x86_64-linux-gnu/libglib-2.0.so.0.4002.0
7f77e53ac000-7f77e53ad000 rw-p 00106000 08:01 4672129                    /lib/x86_64-linux-gnu/libglib-2.0.so.0.4002.0
7f77e53ad000-7f77e53ae000 rw-p 00000000 00:00 0 
7f77e53ae000-7f77e53fd000 r-xp 00000000 08:01 1844200                    /usr/lib/x86_64-linux-gnu/libgobject-2.0.so.0.4002.0
7f77e53fd000-7f77e55fd000 ---p 0004f000 08:01 1844200                    /usr/lib/x86_64-linux-gnu/libgobject-2.0.so.0.4002.0
7f77e55fd000-7f77e55fe000 r--p 0004f000 08:01 1844200                    /usr/lib/x86_64-linux-gnu/libgobject-2.0.so.0.4002.0
7f77e55fe000-7f77e55ff000 rw-p 00050000 08:01 1844200                    /usr/lib/x86_64-linux-gnu/libgobject-2.0.so.0.4002.0
7f77e55ff000-7f77e576b000 r-xp 00000000 08:01 1844202                    /usr/lib/x86_64-linux-gnu/libgio-2.0.so.0.4002.0
7f77e576b000-7f77e596a000 ---p 0016c000 08:01 1844202                    /usr/lib/x86_64-linux-gnu/libgio-2.0.so.0.4002.0
7f77e596a000-7f77e596e000 r--p 0016b000 08:01 1844202                    /usr/lib/x86_64-linux-gnu/libgio-2.0.so.0.4002.0
7f77e596e000-7f77e5970000 rw-p 0016f000 08:01 1844202                    /usr/lib/x86_64-linux-gnu/libgio-2.0.so.0.4002.0
7f77e5970000-7f77e5972000 rw-p 00000000 00:00 0 
7f77e5972000-7f77e5975000 r--s 00000000 08:06 4997201                    /home/ist/ankush/backup/demoClient/leshan/leshan-client-demo/target/classes/webapp/js/lw-resources-services.js
7f77e5975000-7f77e5978000 r--s 00000000 08:06 4997202                    /home/ist/ankush/backup/demoClient/leshan/leshan-client-demo/target/classes/webapp/js/client-controllers.js
7f77e5978000-7f77e5979000 r--s 00000000 08:06 4997200                    /home/ist/ankush/backup/demoClient/leshan/leshan-client-demo/target/classes/webapp/js/app.js
7f77e5979000-7f77e597a000 r--s 00000000 08:06 5021786                    /home/ist/ankush/backup/demoClient/leshan/leshan-client-demo/target/classes/webapp/vendor/js/angular-route.min.js
7f77e597a000-7f77e5982000 r--s 00000000 08:06 5021785                    /home/ist/ankush/backup/demoClient/leshan/leshan-client-demo/target/classes/webapp/vendor/js/bootstrap.min.js
7f77e5982000-7f77e5984000 r--s 00000000 08:06 4972618                    /home/ist/ankush/backup/demoClient/leshan/leshan-client-demo/target/classes/webapp/css/lw-app.css
7f77e5984000-7f77e5985000 r--s 00000000 08:06 4972632                    /home/ist/ankush/backup/demoClient/leshan/leshan-client-demo/target/classes/webapp/index.html
7f77e5985000-7f77e598a000 r--s 0004c000 08:01 2156796                    /usr/lib/jvm/java-7-openjdk-amd64/jre/lib/jsse.jar
7f77e598a000-7f77e5993000 r--s 000b9000 08:01 2156748                    /usr/lib/jvm/java-7-openjdk-amd64/jre/lib/resources.jar
7f77e5993000-7f77e59aa000 r-xp 00000000 08:01 2156765                    /usr/lib/jvm/java-7-openjdk-amd64/jre/lib/amd64/libnet.so
7f77e59aa000-7f77e5ba9000 ---p 00017000 08:01 2156765                    /usr/lib/jvm/java-7-openjdk-amd64/jre/lib/amd64/libnet.so
7f77e5ba9000-7f77e5baa000 r--p 00016000 08:01 2156765                    /usr/lib/jvm/java-7-openjdk-amd64/jre/lib/amd64/libnet.so
7f77e5baa000-7f77e5bab000 rw-p 00017000 08:01 2156765                    /usr/lib/jvm/java-7-openjdk-amd64/jre/lib/amd64/libnet.so
7f77e5bab000-7f77e5bbb000 r-xp 00000000 08:01 2156780                    /usr/lib/jvm/java-7-openjdk-amd64/jre/lib/amd64/libnio.so
7f77e5bbb000-7f77e5dbb000 ---p 00010000 08:01 2156780                    /usr/lib/jvm/java-7-openjdk-amd64/jre/lib/amd64/libnio.so
7f77e5dbb000-7f77e5dbc000 r--p 00010000 08:01 2156780                    /usr/lib/jvm/java-7-openjdk-amd64/jre/lib/amd64/libnio.so
7f77e5dbc000-7f77e5dbd000 rw-p 00011000 08:01 2156780                    /usr/lib/jvm/java-7-openjdk-amd64/jre/lib/amd64/libnio.so
7f77e5dbd000-7f77e5dc5000 r-xp 00000000 08:01 2156781                    /usr/lib/jvm/java-7-openjdk-amd64/jre/lib/amd64/libmanagement.so
7f77e5dc5000-7f77e5fc4000 ---p 00008000 08:01 2156781                    /usr/lib/jvm/java-7-openjdk-amd64/jre/lib/amd64/libmanagement.so
7f77e5fc4000-7f77e5fc5000 r--p 00007000 08:01 2156781                    /usr/lib/jvm/java-7-openjdk-amd64/jre/lib/amd64/libmanagement.so
7f77e5fc5000-7f77e5fc6000 rw-p 00008000 08:01 2156781                    /usr/lib/jvm/java-7-openjdk-amd64/jre/lib/amd64/libmanagement.so
7f77e5fc6000-7f77e5fc7000 r--s 00003000 08:06 6062155                    /home/ist/headstart8/repository/org/eclipse/jetty/jetty-continuation/9.1.4.v20140401/jetty-continuation-9.1.4.v20140401.jar
7f77e5fc7000-7f77e5fca000 r--s 00016000 08:06 6053963                    /home/ist/headstart8/repository/org/eclipse/jetty/jetty-io/9.1.4.v20140401/jetty-io-9.1.4.v20140401.jar
7f77e5fca000-7f77e5fcd000 r--s 00017000 08:06 5980235                    /home/ist/headstart8/repository/org/eclipse/jetty/jetty-http/9.1.4.v20140401/jetty-http-9.1.4.v20140401.jar
7f77e5fcd000-7f77e5fd0000 r--s 00015000 08:06 1852856                    /home/ist/headstart8/repository/javax/servlet/javax.servlet-api/3.1.0/javax.servlet-api-3.1.0.jar
7f77e5fd0000-7f77e5fd5000 r--s 0005d000 08:06 5963851                    /home/ist/headstart8/repository/org/eclipse/jetty/jetty-server/9.1.4.v20140401/jetty-server-9.1.4.v20140401.jar
7f77e5fd5000-7f77e5fd8000 r--s 00015000 08:06 5939275                    /home/ist/headstart8/repository/org/eclipse/jetty/jetty-security/9.1.4.v20140401/jetty-security-9.1.4.v20140401.jar
7f77e5fd8000-7f77e5fdb000 r--s 00019000 08:06 5906507                    /home/ist/headstart8/repository/org/eclipse/jetty/jetty-servlet/9.1.4.v20140401/jetty-servlet-9.1.4.v20140401.jar
7f77e5fdb000-7f77e5fe1000 r--s 0004e000 08:06 5881931                    /home/ist/headstart8/repository/org/eclipse/jetty/jetty-util/9.1.4.v20140401/jetty-util-9.1.4.v20140401.jar
7f77e5fe1000-7f77e5fe2000 r--s 0000a000 08:06 5840971                    /home/ist/headstart8/repository/org/eclipse/jetty/jetty-xml/9.1.4.v20140401/jetty-xml-9.1.4.v20140401.jar
7f77e5fe2000-7f77e5fe4000 r--s 0001b000 08:06 5816395                    /home/ist/headstart8/repository/org/eclipse/jetty/jetty-webapp/9.1.4.v20140401/jetty-webapp-9.1.4.v20140401.jar
7f77e5fe4000-7f77e5fe8000 r--s 0002f000 08:06 1843213                    /home/ist/headstart8/repository/commons-beanutils/commons-beanutils-core/1.8.0/commons-beanutils-core-1.8.0.jar
7f77e5fe8000-7f77e5fed000 r--s 0002a000 08:06 1843211                    /home/ist/headstart8/repository/commons-beanutils/commons-beanutils/1.7.0/commons-beanutils-1.7.0.jar
7f77e5fed000-7f77e5ff1000 r--s 00020000 08:06 1851610                    /home/ist/headstart8/repository/commons-digester/commons-digester/1.8/commons-digester-1.8.jar
7f77e5ff1000-7f77e5ff6000 r--s 00041000 08:06 1851967                    /home/ist/headstart8/repository/commons-lang/commons-lang/2.6/commons-lang-2.6.jar
7f77e5ff6000-7f77e6004000 r--s 0007f000 08:06 1844085                    /home/ist/headstart8/repository/commons-collections/commons-collections/3.2.1/commons-collections-3.2.1.jar
7f77e6004000-7f77e600a000 r--s 00043000 08:06 1852053                    /home/ist/headstart8/repository/commons-configuration/commons-configuration/1.6/commons-configuration-1.6.jar
7f77e600a000-7f77e600f000 r--s 0003c000 08:06 11747363                   /home/ist/headstart8/repository/org/eclipse/californium/scandium/1.0.3/scandium-1.0.3.jar
7f77e600f000-7f77e6010000 ---p 00000000 00:00 0 
7f77e6010000-7f77e6110000 rw-p 00000000 00:00 0                          [stack:9487]
7f77e6110000-7f77e6113000 ---p 00000000 00:00 0 
7f77e6113000-7f77e6211000 rw-p 00000000 00:00 0                          [stack:9486]
7f77e6211000-7f77e6214000 ---p 00000000 00:00 0 
7f77e6214000-7f77e6312000 rw-p 00000000 00:00 0                          [stack:9485]
7f77e6312000-7f77e6315000 ---p 00000000 00:00 0 
7f77e6315000-7f77e6413000 rw-p 00000000 00:00 0                          [stack:9484]
7f77e6413000-7f77e6416000 ---p 00000000 00:00 0 
7f77e6416000-7f77e6514000 rw-p 00000000 00:00 0                          [stack:9481]
7f77e6514000-7f77e6517000 ---p 00000000 00:00 0 
7f77e6517000-7f77e6615000 rw-p 00000000 00:00 0                          [stack:9480]
7f77e6615000-7f77e6618000 ---p 00000000 00:00 0 
7f77e6618000-7f77e6716000 rw-p 00000000 00:00 0                          [stack:9477]
7f77e6716000-7f77e671a000 r-xp 00000000 08:01 2156771                    /usr/lib/jvm/java-7-openjdk-amd64/jre/lib/amd64/libdt_socket.so
7f77e671a000-7f77e6919000 ---p 00004000 08:01 2156771                    /usr/lib/jvm/java-7-openjdk-amd64/jre/lib/amd64/libdt_socket.so
7f77e6919000-7f77e691a000 r--p 00003000 08:01 2156771                    /usr/lib/jvm/java-7-openjdk-amd64/jre/lib/amd64/libdt_socket.so
7f77e691a000-7f77e691b000 rw-p 00004000 08:01 2156771                    /usr/lib/jvm/java-7-openjdk-amd64/jre/lib/amd64/libdt_socket.so
7f77e691b000-7f77e691e000 ---p 00000000 00:00 0 
7f77e691e000-7f77e6a1c000 rw-p 00000000 00:00 0                          [stack:9475]
7f77e6a1c000-7f77e6a1f000 ---p 00000000 00:00 0 
7f77e6a1f000-7f77e6b1d000 rw-p 00000000 00:00 0                          [stack:9474]
7f77e6b1d000-7f77e6b20000 ---p 00000000 00:00 0 
7f77e6b20000-7f77e6c1e000 rw-p 00000000 00:00 0                          [stack:9473]
7f77e6c1e000-7f77e6c1f000 ---p 00000000 00:00 0 
7f77e6c1f000-7f77e76d4000 rw-p 00000000 00:00 0                          [stack:9472]
7f77e76d4000-7f77e7885000 r--s 01d25000 08:01 2156803                    /usr/lib/jvm/java-7-openjdk-amd64/jre/lib/rt.jar
7f77e7885000-7f77ec0c7000 rw-p 00000000 00:00 0 
7f77ec0c7000-7f77ec0c8000 ---p 00000000 00:00 0 
7f77ec0c8000-7f77ec1c8000 rw-p 00000000 00:00 0                          [stack:9470]
7f77ec1c8000-7f77ec1c9000 ---p 00000000 00:00 0 
7f77ec1c9000-7f77ec2d4000 rw-p 00000000 00:00 0                          [stack:9469]
7f77ec2d4000-7f77ec31c000 rw-p 00000000 00:00 0 
7f77ec31c000-7f77ec345000 rw-p 00000000 00:00 0 
7f77ec345000-7f77ec5af000 rw-p 00000000 00:00 0 
7f77ec5af000-7f77ec5ba000 rw-p 00000000 00:00 0 
7f77ec5ba000-7f77ec602000 rw-p 00000000 00:00 0 
7f77ec602000-7f77ec62b000 rw-p 00000000 00:00 0 
7f77ec62b000-7f77ec894000 rw-p 00000000 00:00 0 
7f77ec894000-7f77ec8aa000 rw-p 00000000 00:00 0 
7f77ec8aa000-7f77ec9de000 rw-p 00000000 00:00 0 
7f77ec9de000-7f77ec9df000 rw-p 00000000 00:00 0 
7f77ec9df000-7f77ecc4f000 rwxp 00000000 00:00 0 
7f77ecc4f000-7f77ef9df000 rw-p 00000000 00:00 0 
7f77ef9df000-7f77ef9e7000 r-xp 00000000 08:01 2156757                    /usr/lib/jvm/java-7-openjdk-amd64/jre/lib/amd64/libzip.so
7f77ef9e7000-7f77efbe6000 ---p 00008000 08:01 2156757                    /usr/lib/jvm/java-7-openjdk-amd64/jre/lib/amd64/libzip.so
7f77efbe6000-7f77efbe7000 r--p 00007000 08:01 2156757                    /usr/lib/jvm/java-7-openjdk-amd64/jre/lib/amd64/libzip.so
7f77efbe7000-7f77efbe8000 rw-p 00008000 08:01 2156757                    /usr/lib/jvm/java-7-openjdk-amd64/jre/lib/amd64/libzip.so
7f77efbe8000-7f77efbf3000 r-xp 00000000 08:01 4672199                    /lib/x86_64-linux-gnu/libnss_files-2.19.so
7f77efbf3000-7f77efdf2000 ---p 0000b000 08:01 4672199                    /lib/x86_64-linux-gnu/libnss_files-2.19.so
7f77efdf2000-7f77efdf3000 r--p 0000a000 08:01 4672199                    /lib/x86_64-linux-gnu/libnss_files-2.19.so
7f77efdf3000-7f77efdf4000 rw-p 0000b000 08:01 4672199                    /lib/x86_64-linux-gnu/libnss_files-2.19.so
7f77efdf4000-7f77efdff000 r-xp 00000000 08:01 4672316                    /lib/x86_64-linux-gnu/libnss_nis-2.19.so
7f77efdff000-7f77efffe000 ---p 0000b000 08:01 4672316                    /lib/x86_64-linux-gnu/libnss_nis-2.19.so
7f77efffe000-7f77effff000 r--p 0000a000 08:01 4672316                    /lib/x86_64-linux-gnu/libnss_nis-2.19.so
7f77effff000-7f77f0000000 rw-p 0000b000 08:01 4672316                    /lib/x86_64-linux-gnu/libnss_nis-2.19.so
7f77f0000000-7f77f05fa000 rw-p 00000000 00:00 0 
7f77f05fa000-7f77f4000000 ---p 00000000 00:00 0 
7f77f4000000-7f77f4002000 r--s 0000d000 08:06 1843250                    /home/ist/headstart8/repository/commons-logging/commons-logging/1.1.1/commons-logging-1.1.1.jar
7f77f4002000-7f77f4003000 r--s 0000c000 08:06 8405068                    /home/ist/headstart8/repository/commons-cli/commons-cli/1.3.1/commons-cli-1.3.1.jar
7f77f4003000-7f77f4004000 r--s 00006000 08:06 11747361                   /home/ist/headstart8/repository/org/eclipse/californium/element-connector/1.0.3/element-connector-1.0.3.jar
7f77f4004000-7f77f4016000 r--s 000b8000 08:06 9519179                    /home/ist/headstart8/repository/org/apache/logging/log4j/log4j-core/2.1/log4j-core-2.1.jar
7f77f4016000-7f77f402d000 r-xp 00000000 08:01 4672239                    /lib/x86_64-linux-gnu/libnsl-2.19.so
7f77f402d000-7f77f422c000 ---p 00017000 08:01 4672239                    /lib/x86_64-linux-gnu/libnsl-2.19.so
7f77f422c000-7f77f422d000 r--p 00016000 08:01 4672239                    /lib/x86_64-linux-gnu/libnsl-2.19.so
7f77f422d000-7f77f422e000 rw-p 00017000 08:01 4672239                    /lib/x86_64-linux-gnu/libnsl-2.19.so
7f77f422e000-7f77f4230000 rw-p 00000000 00:00 0 
7f77f4230000-7f77f4239000 r-xp 00000000 08:01 4672229                    /lib/x86_64-linux-gnu/libnss_compat-2.19.so
7f77f4239000-7f77f4438000 ---p 00009000 08:01 4672229                    /lib/x86_64-linux-gnu/libnss_compat-2.19.so
7f77f4438000-7f77f4439000 r--p 00008000 08:01 4672229                    /lib/x86_64-linux-gnu/libnss_compat-2.19.so
7f77f4439000-7f77f443a000 rw-p 00009000 08:01 4672229                    /lib/x86_64-linux-gnu/libnss_compat-2.19.so
7f77f443a000-7f77f4b1c000 r--p 00000000 08:01 1845512                    /usr/lib/locale/locale-archive
7f77f4b1c000-7f77f4b1f000 r-xp 00000000 08:01 2156782                    /usr/lib/jvm/java-7-openjdk-amd64/jre/lib/amd64/libnpt.so
7f77f4b1f000-7f77f4d1e000 ---p 00003000 08:01 2156782                    /usr/lib/jvm/java-7-openjdk-amd64/jre/lib/amd64/libnpt.so
7f77f4d1e000-7f77f4d1f000 r--p 00002000 08:01 2156782                    /usr/lib/jvm/java-7-openjdk-amd64/jre/lib/amd64/libnpt.so
7f77f4d1f000-7f77f4d20000 rw-p 00003000 08:01 2156782                    /usr/lib/jvm/java-7-openjdk-amd64/jre/lib/amd64/libnpt.so
7f77f4d20000-7f77f4d5a000 r-xp 00000000 08:01 2156777                    /usr/lib/jvm/java-7-openjdk-amd64/jre/lib/amd64/libjdwp.so
7f77f4d5a000-7f77f4f59000 ---p 0003a000 08:01 2156777                    /usr/lib/jvm/java-7-openjdk-amd64/jre/lib/amd64/libjdwp.so
7f77f4f59000-7f77f4f5a000 r--p 00039000 08:01 2156777                    /usr/lib/jvm/java-7-openjdk-amd64/jre/lib/amd64/libjdwp.so
7f77f4f5a000-7f77f4f5b000 rw-p 0003a000 08:01 2156777                    /usr/lib/jvm/java-7-openjdk-amd64/jre/lib/amd64/libjdwp.so
7f77f4f5b000-7f77f4f86000 r-xp 00000000 08:01 2156764                    /usr/lib/jvm/java-7-openjdk-amd64/jre/lib/amd64/libjava.so
7f77f4f86000-7f77f5185000 ---p 0002b000 08:01 2156764                    /usr/lib/jvm/java-7-openjdk-amd64/jre/lib/amd64/libjava.so
7f77f5185000-7f77f5186000 r--p 0002a000 08:01 2156764                    /usr/lib/jvm/java-7-openjdk-amd64/jre/lib/amd64/libjava.so
7f77f5186000-7f77f5188000 rw-p 0002b000 08:01 2156764                    /usr/lib/jvm/java-7-openjdk-amd64/jre/lib/amd64/libjava.so
7f77f5188000-7f77f5198000 r-xp 00000000 08:01 2156779                    /usr/lib/jvm/java-7-openjdk-amd64/jre/lib/amd64/libverify.so
7f77f5198000-7f77f5397000 ---p 00010000 08:01 2156779                    /usr/lib/jvm/java-7-openjdk-amd64/jre/lib/amd64/libverify.so
7f77f5397000-7f77f5399000 r--p 0000f000 08:01 2156779                    /usr/lib/jvm/java-7-openjdk-amd64/jre/lib/amd64/libverify.so
7f77f5399000-7f77f539a000 rw-p 00011000 08:01 2156779                    /usr/lib/jvm/java-7-openjdk-amd64/jre/lib/amd64/libverify.so
7f77f539a000-7f77f53a1000 r-xp 00000000 08:01 4672309                    /lib/x86_64-linux-gnu/librt-2.19.so
7f77f53a1000-7f77f55a0000 ---p 00007000 08:01 4672309                    /lib/x86_64-linux-gnu/librt-2.19.so
7f77f55a0000-7f77f55a1000 r--p 00006000 08:01 4672309                    /lib/x86_64-linux-gnu/librt-2.19.so
7f77f55a1000-7f77f55a2000 rw-p 00007000 08:01 4672309                    /lib/x86_64-linux-gnu/librt-2.19.so
7f77f55a2000-7f77f55b8000 r-xp 00000000 08:01 4669459                    /lib/x86_64-linux-gnu/libgcc_s.so.1
7f77f55b8000-7f77f57b7000 ---p 00016000 08:01 4669459                    /lib/x86_64-linux-gnu/libgcc_s.so.1
7f77f57b7000-7f77f57b8000 rw-p 00015000 08:01 4669459                    /lib/x86_64-linux-gnu/libgcc_s.so.1
7f77f57b8000-7f77f58bd000 r-xp 00000000 08:01 4672194                    /lib/x86_64-linux-gnu/libm-2.19.so
7f77f58bd000-7f77f5abc000 ---p 00105000 08:01 4672194                    /lib/x86_64-linux-gnu/libm-2.19.so
7f77f5abc000-7f77f5abd000 r--p 00104000 08:01 4672194                    /lib/x86_64-linux-gnu/libm-2.19.so
7f77f5abd000-7f77f5abe000 rw-p 00105000 08:01 4672194                    /lib/x86_64-linux-gnu/libm-2.19.so
7f77f5abe000-7f77f5ba4000 r-xp 00000000 08:01 1844696                    /usr/lib/x86_64-linux-gnu/libstdc++.so.6.0.19
7f77f5ba4000-7f77f5da3000 ---p 000e6000 08:01 1844696                    /usr/lib/x86_64-linux-gnu/libstdc++.so.6.0.19
7f77f5da3000-7f77f5dab000 r--p 000e5000 08:01 1844696                    /usr/lib/x86_64-linux-gnu/libstdc++.so.6.0.19
7f77f5dab000-7f77f5dad000 rw-p 000ed000 08:01 1844696                    /usr/lib/x86_64-linux-gnu/libstdc++.so.6.0.19
7f77f5dad000-7f77f5dc2000 rw-p 00000000 00:00 0 
7f77f5dc2000-7f77f68d8000 r-xp 00000000 08:01 2156786                    /usr/lib/jvm/java-7-openjdk-amd64/jre/lib/amd64/server/libjvm.so
7f77f68d8000-7f77f6ad7000 ---p 00b16000 08:01 2156786                    /usr/lib/jvm/java-7-openjdk-amd64/jre/lib/amd64/server/libjvm.so
7f77f6ad7000-7f77f6b71000 r--p 00b15000 08:01 2156786                    /usr/lib/jvm/java-7-openjdk-amd64/jre/lib/amd64/server/libjvm.so
7f77f6b71000-7f77f6b94000 rw-p 00baf000 08:01 2156786                    /usr/lib/jvm/java-7-openjdk-amd64/jre/lib/amd64/server/libjvm.so
7f77f6b94000-7f77f6bc2000 rw-p 00000000 00:00 0 
7f77f6bc2000-7f77f6bda000 r-xp 00000000 08:01 4672352                    /lib/x86_64-linux-gnu/libz.so.1.2.8
7f77f6bda000-7f77f6dd9000 ---p 00018000 08:01 4672352                    /lib/x86_64-linux-gnu/libz.so.1.2.8
7f77f6dd9000-7f77f6dda000 r--p 00017000 08:01 4672352                    /lib/x86_64-linux-gnu/libz.so.1.2.8
7f77f6dda000-7f77f6ddb000 rw-p 00018000 08:01 4672352                    /lib/x86_64-linux-gnu/libz.so.1.2.8
7f77f6ddb000-7f77f6df4000 r-xp 00000000 08:01 4672277                    /lib/x86_64-linux-gnu/libpthread-2.19.so
7f77f6df4000-7f77f6ff3000 ---p 00019000 08:01 4672277                    /lib/x86_64-linux-gnu/libpthread-2.19.so
7f77f6ff3000-7f77f6ff4000 r--p 00018000 08:01 4672277                    /lib/x86_64-linux-gnu/libpthread-2.19.so
7f77f6ff4000-7f77f6ff5000 rw-p 00019000 08:01 4672277                    /lib/x86_64-linux-gnu/libpthread-2.19.so
7f77f6ff5000-7f77f6ff9000 rw-p 00000000 00:00 0 
7f77f6ff9000-7f77f6ffc000 r-xp 00000000 08:01 4672206                    /lib/x86_64-linux-gnu/libdl-2.19.so
7f77f6ffc000-7f77f71fb000 ---p 00003000 08:01 4672206                    /lib/x86_64-linux-gnu/libdl-2.19.so
7f77f71fb000-7f77f71fc000 r--p 00002000 08:01 4672206                    /lib/x86_64-linux-gnu/libdl-2.19.so
7f77f71fc000-7f77f71fd000 rw-p 00003000 08:01 4672206                    /lib/x86_64-linux-gnu/libdl-2.19.so
7f77f71fd000-7f77f73b8000 r-xp 00000000 08:01 4672274                    /lib/x86_64-linux-gnu/libc-2.19.so
7f77f73b8000-7f77f75b7000 ---p 001bb000 08:01 4672274                    /lib/x86_64-linux-gnu/libc-2.19.so
7f77f75b7000-7f77f75bb000 r--p 001ba000 08:01 4672274                    /lib/x86_64-linux-gnu/libc-2.19.so
7f77f75bb000-7f77f75bd000 rw-p 001be000 08:01 4672274                    /lib/x86_64-linux-gnu/libc-2.19.so
7f77f75bd000-7f77f75c2000 rw-p 00000000 00:00 0 
7f77f75c2000-7f77f75cf000 r-xp 00000000 08:01 2156762                    /usr/lib/jvm/java-7-openjdk-amd64/jre/lib/amd64/jli/libjli.so
7f77f75cf000-7f77f77ce000 ---p 0000d000 08:01 2156762                    /usr/lib/jvm/java-7-openjdk-amd64/jre/lib/amd64/jli/libjli.so
7f77f77ce000-7f77f77cf000 r--p 0000c000 08:01 2156762                    /usr/lib/jvm/java-7-openjdk-amd64/jre/lib/amd64/jli/libjli.so
7f77f77cf000-7f77f77d0000 rw-p 0000d000 08:01 2156762                    /usr/lib/jvm/java-7-openjdk-amd64/jre/lib/amd64/jli/libjli.so
7f77f77d0000-7f77f77f3000 r-xp 00000000 08:01 4672260                    /lib/x86_64-linux-gnu/ld-2.19.so
7f77f77f3000-7f77f77f9000 r--s 0003c000 08:06 9617483                    /home/ist/headstart8/repository/org/eclipse/californium/californium-core/1.0.3/californium-core-1.0.3.jar
7f77f77f9000-7f77f77fb000 r--s 00004000 08:06 9576524                    /home/ist/headstart8/repository/org/apache/logging/log4j/log4j-slf4j-impl/2.1/log4j-slf4j-impl-2.1.jar
7f77f77fb000-7f77f77fe000 r--s 0001e000 08:06 9568332                    /home/ist/headstart8/repository/org/apache/logging/log4j/log4j-api/2.1/log4j-api-2.1.jar
7f77f77fe000-7f77f7804000 r--s 00036000 08:06 1843405                    /home/ist/headstart8/repository/junit/junit/4.11/junit-4.11.jar
7f77f7804000-7f77f7809000 r--s 0002a000 08:06 4128827                    /home/ist/headstart8/repository/com/google/code/gson/gson/2.2.4/gson-2.2.4.jar
7f77f7809000-7f77f7813000 rw-p 00000000 00:00 0 
7f77f7813000-7f77f78c9000 rw-p 00000000 00:00 0 
7f77f78c9000-7f77f78cc000 ---p 00000000 00:00 0 
7f77f78cc000-7f77f79cf000 rw-p 00000000 00:00 0                          [stack:9468]
7f77f79cf000-7f77f79d1000 r--s 00009000 08:06 1860376                    /home/ist/headstart8/repository/org/hamcrest/hamcrest-core/1.3/hamcrest-core-1.3.jar
7f77f79d1000-7f77f79d2000 r--s 00007000 08:06 9412682                    /home/ist/headstart8/repository/org/slf4j/slf4j-api/1.7.10/slf4j-api-1.7.10.jar
7f77f79d2000-7f77f79d4000 r--s 00012000 08:01 2173154                    /usr/lib/jvm/java-7-openjdk-amd64/jre/lib/ext/zipfs.jar
7f77f79d4000-7f77f79d8000 r--s 00085000 08:01 2173156                    /usr/lib/jvm/java-7-openjdk-amd64/jre/lib/ext/localedata.jar
7f77f79d8000-7f77f79db000 r--s 0000f000 08:01 2173153                    /usr/lib/jvm/java-7-openjdk-amd64/jre/lib/ext/icedtea-sound.jar
7f77f79db000-7f77f79dc000 r--s 00002000 08:01 2173158                    /usr/lib/jvm/java-7-openjdk-amd64/jre/lib/ext/dnsns.jar
7f77f79dc000-7f77f79e0000 r--s 0003c000 08:01 2173155                    /usr/lib/jvm/java-7-openjdk-amd64/jre/lib/ext/sunpkcs11.jar
7f77f79e0000-7f77f79e4000 r--s 00034000 08:01 2173157                    /usr/lib/jvm/java-7-openjdk-amd64/jre/lib/ext/sunjce_provider.jar
7f77f79e4000-7f77f79e6000 r--s 00006000 08:01 1888221                    /usr/share/java/java-atk-wrapper.jar
7f77f79e6000-7f77f79ee000 rw-s 00000000 08:01 1927485                    /tmp/hsperfdata_ist/9462
7f77f79ee000-7f77f79ef000 rw-p 00000000 00:00 0 
7f77f79ef000-7f77f79f0000 r--p 00000000 00:00 0 
7f77f79f0000-7f77f79f2000 rw-p 00000000 00:00 0 
7f77f79f2000-7f77f79f3000 r--p 00022000 08:01 4672260                    /lib/x86_64-linux-gnu/ld-2.19.so
7f77f79f3000-7f77f79f4000 rw-p 00023000 08:01 4672260                    /lib/x86_64-linux-gnu/ld-2.19.so
7f77f79f4000-7f77f79f5000 rw-p 00000000 00:00 0 
7fff30ebb000-7fff30edd000 rw-p 00000000 00:00 0                          [stack]
7fff30ffe000-7fff31000000 r-xp 00000000 00:00 0                          [vdso]
ffffffffff600000-ffffffffff601000 r-xp 00000000 00:00 0                  [vsyscall]

VM Arguments:
jvm_args: -agentlib:jdwp=transport=dt_socket,suspend=y,address=localhost:43496 -Dfile.encoding=UTF-8 
java_command: org.eclipse.leshan.client.demo.LeshanClientDemo -n 00:11:22:33:44:24 -i identity -p 746f70736563726574
Launcher Type: SUN_STANDARD

Environment Variables:
PATH=/usr/local/sbin:/usr/local/bin:/usr/sbin:/usr/bin:/sbin:/bin:/usr/games:/usr/local/games
SHELL=/bin/bash
DISPLAY=:0

Signal Handlers:
SIGSEGV: [libjvm.so+0x9495e0], sa_mask[0]=0x7ffbfeff, sa_flags=0x10000004
SIGBUS: [libjvm.so+0x9495e0], sa_mask[0]=0x7ffbfeff, sa_flags=0x10000004
SIGFPE: [libjvm.so+0x7c3410], sa_mask[0]=0x7ffbfeff, sa_flags=0x10000004
SIGPIPE: SIG_IGN, sa_mask[0]=0x00000000, sa_flags=0x00000000
SIGXFSZ: [libjvm.so+0x7c3410], sa_mask[0]=0x7ffbfeff, sa_flags=0x10000004
SIGILL: [libjvm.so+0x7c3410], sa_mask[0]=0x7ffbfeff, sa_flags=0x10000004
SIGUSR1: SIG_DFL, sa_mask[0]=0x00000000, sa_flags=0x00000000
SIGUSR2: [libjvm.so+0x7c32b0], sa_mask[0]=0x00000004, sa_flags=0x10000004
SIGHUP: [libjvm.so+0x7c3490], sa_mask[0]=0x7ffbfeff, sa_flags=0x10000004
SIGINT: [libjvm.so+0x7c3490], sa_mask[0]=0x7ffbfeff, sa_flags=0x10000004
SIGTERM: [libjvm.so+0x7c3490], sa_mask[0]=0x7ffbfeff, sa_flags=0x10000004
SIGQUIT: [libjvm.so+0x7c3490], sa_mask[0]=0x7ffbfeff, sa_flags=0x10000004
SIGTRAP: SIG_DFL, sa_mask[0]=0x00000000, sa_flags=0x00000000


---------------  S Y S T E M  ---------------

OS:Ubuntu 14.04 (trusty)
uname:Linux 3.13.0-24-generic #46-Ubuntu SMP Thu Apr 10 19:11:08 UTC 2014 x86_64
libc:glibc 2.19 NPTL 2.19 
rlimit: STACK 8192k, CORE 0k, NPROC 63005, NOFILE 4096, AS infinity
load average:0.39 0.33 0.41

/proc/meminfo:
MemTotal:        8086228 kB
MemFree:          913464 kB
Buffers:          426736 kB
Cached:          2191984 kB
SwapCached:            0 kB
Active:          5011892 kB
Inactive:        1776048 kB
Active(anon):    4209288 kB
Inactive(anon):  1009660 kB
Active(file):     802604 kB
Inactive(file):   766388 kB
Unevictable:          48 kB
Mlocked:              48 kB
SwapTotal:       3998716 kB
SwapFree:        3998560 kB
Dirty:                 0 kB
Writeback:             0 kB
AnonPages:       4169440 kB
Mapped:           639816 kB
Shmem:           1049556 kB
Slab:             215668 kB
SReclaimable:     171228 kB
SUnreclaim:        44440 kB
KernelStack:        7240 kB
PageTables:        66104 kB
NFS_Unstable:          0 kB
Bounce:                0 kB
WritebackTmp:          0 kB
CommitLimit:     8041828 kB
Committed_AS:   10440344 kB
VmallocTotal:   34359738367 kB
VmallocUsed:      362544 kB
VmallocChunk:   34359366620 kB
HardwareCorrupted:     0 kB
AnonHugePages:   3219456 kB
HugePages_Total:       0
HugePages_Free:        0
HugePages_Rsvd:        0
HugePages_Surp:        0
Hugepagesize:       2048 kB
DirectMap4k:      107752 kB
DirectMap2M:     3995648 kB
DirectMap1G:     4194304 kB


CPU:total 2 (2 cores per cpu, 1 threads per core) family 6 model 61 stepping 4, cmov, cx8, fxsr, mmx, sse, sse2, sse3, ssse3, sse4.1, sse4.2, popcnt, erms, tsc, tscinvbit

/proc/cpuinfo:
processor	: 0
vendor_id	: GenuineIntel
cpu family	: 6
model		: 61
model name	: Intel(R) Pentium(R) 3805U @ 1.90GHz
stepping	: 4
microcode	: 0x19
cpu MHz		: 800.000
cache size	: 2048 KB
physical id	: 0
siblings	: 2
core id		: 0
cpu cores	: 2
apicid		: 0
initial apicid	: 0
fpu		: yes
fpu_exception	: yes
cpuid level	: 20
wp		: yes
flags		: fpu vme de pse tsc msr pae mce cx8 apic sep mtrr pge mca cmov pat pse36 clflush dts acpi mmx fxsr sse sse2 ss ht tm pbe syscall nx pdpe1gb rdtscp lm constant_tsc arch_perfmon pebs bts rep_good nopl xtopology nonstop_tsc aperfmperf eagerfpu pni pclmulqdq dtes64 monitor ds_cpl vmx est tm2 ssse3 cx16 xtpr pdcm pcid sse4_1 sse4_2 x2apic movbe popcnt tsc_deadline_timer xsave rdrand lahf_lm abm 3dnowprefetch arat epb xsaveopt pln pts dtherm tpr_shadow vnmi flexpriority ept vpid fsgsbase tsc_adjust erms invpcid rdseed
bogomips	: 3791.13
clflush size	: 64
cache_alignment	: 64
address sizes	: 39 bits physical, 48 bits virtual
power management:

processor	: 1
vendor_id	: GenuineIntel
cpu family	: 6
model		: 61
model name	: Intel(R) Pentium(R) 3805U @ 1.90GHz
stepping	: 4
microcode	: 0x19
cpu MHz		: 1900.000
cache size	: 2048 KB
physical id	: 0
siblings	: 2
core id		: 1
cpu cores	: 2
apicid		: 2
initial apicid	: 2
fpu		: yes
fpu_exception	: yes
cpuid level	: 20
wp		: yes
flags		: fpu vme de pse tsc msr pae mce cx8 apic sep mtrr pge mca cmov pat pse36 clflush dts acpi mmx fxsr sse sse2 ss ht tm pbe syscall nx pdpe1gb rdtscp lm constant_tsc arch_perfmon pebs bts rep_good nopl xtopology nonstop_tsc aperfmperf eagerfpu pni pclmulqdq dtes64 monitor ds_cpl vmx est tm2 ssse3 cx16 xtpr pdcm pcid sse4_1 sse4_2 x2apic movbe popcnt tsc_deadline_timer xsave rdrand lahf_lm abm 3dnowprefetch arat epb xsaveopt pln pts dtherm tpr_shadow vnmi flexpriority ept vpid fsgsbase tsc_adjust erms invpcid rdseed
bogomips	: 3791.13
clflush size	: 64
cache_alignment	: 64
address sizes	: 39 bits physical, 48 bits virtual
power management:



Memory: 4k page, physical 8086228k(913464k free), swap 3998716k(3998560k free)

vm_info: OpenJDK 64-Bit Server VM (24.65-b04) for linux-amd64 JRE (1.7.0_65-b32), built on Oct 22 2014 04:37:44 by "buildd" with gcc 4.8.2

time: Wed Dec  7 18:14:40 2016
elapsed time: 3124 seconds

